0 info it worked if it ends with ok
1 verbose cli [ '/Users/sam/.nvm/v0.10.32/bin/node',
1 verbose cli   '/Users/sam/.nvm/v0.10.32/bin/npm',
1 verbose cli   'install' ]
2 info using npm@1.4.28
3 info using node@v0.10.32
4 warn package.json node-authentication@ No repository field.
5 verbose readDependencies using package.json deps
6 verbose install where, deps [ '/Users/sam/easy-node-authentication',
6 verbose install   [ 'express',
6 verbose install     'ejs',
6 verbose install     'mongoose',
6 verbose install     'passport',
6 verbose install     'passport-local',
6 verbose install     'passport-facebook',
6 verbose install     'passport-twitter',
6 verbose install     'passport-google-oauth',
6 verbose install     'connect-flash',
6 verbose install     'bcrypt-nodejs',
6 verbose install     'morgan',
6 verbose install     'body-parser',
6 verbose install     'cookie-parser',
6 verbose install     'method-override',
6 verbose install     'express-session' ] ]
7 info preinstall node-authentication@
8 verbose readDependencies using package.json deps
9 verbose cache add [ 'express@~4.0.0', null ]
10 verbose cache add name=undefined spec="express@~4.0.0" args=["express@~4.0.0",null]
11 verbose parsed url { protocol: null,
11 verbose parsed url   slashes: null,
11 verbose parsed url   auth: null,
11 verbose parsed url   host: null,
11 verbose parsed url   port: null,
11 verbose parsed url   hostname: null,
11 verbose parsed url   hash: null,
11 verbose parsed url   search: null,
11 verbose parsed url   query: null,
11 verbose parsed url   pathname: 'express@~4.0.0',
11 verbose parsed url   path: 'express@~4.0.0',
11 verbose parsed url   href: 'express@~4.0.0' }
12 verbose cache add [ 'ejs@~0.8.5', null ]
13 verbose cache add name=undefined spec="ejs@~0.8.5" args=["ejs@~0.8.5",null]
14 verbose parsed url { protocol: null,
14 verbose parsed url   slashes: null,
14 verbose parsed url   auth: null,
14 verbose parsed url   host: null,
14 verbose parsed url   port: null,
14 verbose parsed url   hostname: null,
14 verbose parsed url   hash: null,
14 verbose parsed url   search: null,
14 verbose parsed url   query: null,
14 verbose parsed url   pathname: 'ejs@~0.8.5',
14 verbose parsed url   path: 'ejs@~0.8.5',
14 verbose parsed url   href: 'ejs@~0.8.5' }
15 verbose cache add [ 'mongoose@~3.8.1', null ]
16 verbose cache add name=undefined spec="mongoose@~3.8.1" args=["mongoose@~3.8.1",null]
17 verbose parsed url { protocol: null,
17 verbose parsed url   slashes: null,
17 verbose parsed url   auth: null,
17 verbose parsed url   host: null,
17 verbose parsed url   port: null,
17 verbose parsed url   hostname: null,
17 verbose parsed url   hash: null,
17 verbose parsed url   search: null,
17 verbose parsed url   query: null,
17 verbose parsed url   pathname: 'mongoose@~3.8.1',
17 verbose parsed url   path: 'mongoose@~3.8.1',
17 verbose parsed url   href: 'mongoose@~3.8.1' }
18 verbose cache add [ 'passport@~0.1.17', null ]
19 verbose cache add name=undefined spec="passport@~0.1.17" args=["passport@~0.1.17",null]
20 verbose parsed url { protocol: null,
20 verbose parsed url   slashes: null,
20 verbose parsed url   auth: null,
20 verbose parsed url   host: null,
20 verbose parsed url   port: null,
20 verbose parsed url   hostname: null,
20 verbose parsed url   hash: null,
20 verbose parsed url   search: null,
20 verbose parsed url   query: null,
20 verbose parsed url   pathname: 'passport@~0.1.17',
20 verbose parsed url   path: 'passport@~0.1.17',
20 verbose parsed url   href: 'passport@~0.1.17' }
21 verbose cache add name="express" spec="~4.0.0" args=["express","~4.0.0"]
22 verbose parsed url { protocol: null,
22 verbose parsed url   slashes: null,
22 verbose parsed url   auth: null,
22 verbose parsed url   host: null,
22 verbose parsed url   port: null,
22 verbose parsed url   hostname: null,
22 verbose parsed url   hash: null,
22 verbose parsed url   search: null,
22 verbose parsed url   query: null,
22 verbose parsed url   pathname: '~4.0.0',
22 verbose parsed url   path: '~4.0.0',
22 verbose parsed url   href: '~4.0.0' }
23 verbose addNamed [ 'express', '~4.0.0' ]
24 verbose addNamed [ null, '>=4.0.0-0 <4.1.0-0' ]
25 verbose cache add name="ejs" spec="~0.8.5" args=["ejs","~0.8.5"]
26 verbose parsed url { protocol: null,
26 verbose parsed url   slashes: null,
26 verbose parsed url   auth: null,
26 verbose parsed url   host: null,
26 verbose parsed url   port: null,
26 verbose parsed url   hostname: null,
26 verbose parsed url   hash: null,
26 verbose parsed url   search: null,
26 verbose parsed url   query: null,
26 verbose parsed url   pathname: '~0.8.5',
26 verbose parsed url   path: '~0.8.5',
26 verbose parsed url   href: '~0.8.5' }
27 verbose addNamed [ 'ejs', '~0.8.5' ]
28 verbose addNamed [ null, '>=0.8.5-0 <0.9.0-0' ]
29 verbose cache add name="mongoose" spec="~3.8.1" args=["mongoose","~3.8.1"]
30 verbose parsed url { protocol: null,
30 verbose parsed url   slashes: null,
30 verbose parsed url   auth: null,
30 verbose parsed url   host: null,
30 verbose parsed url   port: null,
30 verbose parsed url   hostname: null,
30 verbose parsed url   hash: null,
30 verbose parsed url   search: null,
30 verbose parsed url   query: null,
30 verbose parsed url   pathname: '~3.8.1',
30 verbose parsed url   path: '~3.8.1',
30 verbose parsed url   href: '~3.8.1' }
31 verbose addNamed [ 'mongoose', '~3.8.1' ]
32 verbose addNamed [ null, '>=3.8.1-0 <3.9.0-0' ]
33 verbose cache add [ 'passport-local@~0.1.6', null ]
34 verbose cache add name=undefined spec="passport-local@~0.1.6" args=["passport-local@~0.1.6",null]
35 verbose parsed url { protocol: null,
35 verbose parsed url   slashes: null,
35 verbose parsed url   auth: null,
35 verbose parsed url   host: null,
35 verbose parsed url   port: null,
35 verbose parsed url   hostname: null,
35 verbose parsed url   hash: null,
35 verbose parsed url   search: null,
35 verbose parsed url   query: null,
35 verbose parsed url   pathname: 'passport-local@~0.1.6',
35 verbose parsed url   path: 'passport-local@~0.1.6',
35 verbose parsed url   href: 'passport-local@~0.1.6' }
36 verbose cache add [ 'passport-facebook@~1.0.2', null ]
37 verbose cache add name=undefined spec="passport-facebook@~1.0.2" args=["passport-facebook@~1.0.2",null]
38 verbose parsed url { protocol: null,
38 verbose parsed url   slashes: null,
38 verbose parsed url   auth: null,
38 verbose parsed url   host: null,
38 verbose parsed url   port: null,
38 verbose parsed url   hostname: null,
38 verbose parsed url   hash: null,
38 verbose parsed url   search: null,
38 verbose parsed url   query: null,
38 verbose parsed url   pathname: 'passport-facebook@~1.0.2',
38 verbose parsed url   path: 'passport-facebook@~1.0.2',
38 verbose parsed url   href: 'passport-facebook@~1.0.2' }
39 verbose cache add [ 'passport-twitter@~1.0.2', null ]
40 verbose cache add name=undefined spec="passport-twitter@~1.0.2" args=["passport-twitter@~1.0.2",null]
41 verbose parsed url { protocol: null,
41 verbose parsed url   slashes: null,
41 verbose parsed url   auth: null,
41 verbose parsed url   host: null,
41 verbose parsed url   port: null,
41 verbose parsed url   hostname: null,
41 verbose parsed url   hash: null,
41 verbose parsed url   search: null,
41 verbose parsed url   query: null,
41 verbose parsed url   pathname: 'passport-twitter@~1.0.2',
41 verbose parsed url   path: 'passport-twitter@~1.0.2',
41 verbose parsed url   href: 'passport-twitter@~1.0.2' }
42 verbose cache add name="passport" spec="~0.1.17" args=["passport","~0.1.17"]
43 verbose parsed url { protocol: null,
43 verbose parsed url   slashes: null,
43 verbose parsed url   auth: null,
43 verbose parsed url   host: null,
43 verbose parsed url   port: null,
43 verbose parsed url   hostname: null,
43 verbose parsed url   hash: null,
43 verbose parsed url   search: null,
43 verbose parsed url   query: null,
43 verbose parsed url   pathname: '~0.1.17',
43 verbose parsed url   path: '~0.1.17',
43 verbose parsed url   href: '~0.1.17' }
44 verbose addNamed [ 'passport', '~0.1.17' ]
45 verbose addNamed [ null, '>=0.1.17-0 <0.2.0-0' ]
46 silly lockFile 9dcfb469-express-4-0-0 express@~4.0.0
47 verbose lock express@~4.0.0 /Users/sam/.npm/9dcfb469-express-4-0-0.lock
48 silly lockFile 05610aaa-ejs-0-8-5 ejs@~0.8.5
49 verbose lock ejs@~0.8.5 /Users/sam/.npm/05610aaa-ejs-0-8-5.lock
50 silly lockFile e71eb4f1-mongoose-3-8-1 mongoose@~3.8.1
51 verbose lock mongoose@~3.8.1 /Users/sam/.npm/e71eb4f1-mongoose-3-8-1.lock
52 silly lockFile ea5895ee-passport-0-1-17 passport@~0.1.17
53 verbose lock passport@~0.1.17 /Users/sam/.npm/ea5895ee-passport-0-1-17.lock
54 verbose cache add name="passport-local" spec="~0.1.6" args=["passport-local","~0.1.6"]
55 verbose parsed url { protocol: null,
55 verbose parsed url   slashes: null,
55 verbose parsed url   auth: null,
55 verbose parsed url   host: null,
55 verbose parsed url   port: null,
55 verbose parsed url   hostname: null,
55 verbose parsed url   hash: null,
55 verbose parsed url   search: null,
55 verbose parsed url   query: null,
55 verbose parsed url   pathname: '~0.1.6',
55 verbose parsed url   path: '~0.1.6',
55 verbose parsed url   href: '~0.1.6' }
56 verbose addNamed [ 'passport-local', '~0.1.6' ]
57 verbose addNamed [ null, '>=0.1.6-0 <0.2.0-0' ]
58 silly lockFile 1de19954-passport-local-0-1-6 passport-local@~0.1.6
59 verbose lock passport-local@~0.1.6 /Users/sam/.npm/1de19954-passport-local-0-1-6.lock
60 verbose cache add name="passport-facebook" spec="~1.0.2" args=["passport-facebook","~1.0.2"]
61 verbose parsed url { protocol: null,
61 verbose parsed url   slashes: null,
61 verbose parsed url   auth: null,
61 verbose parsed url   host: null,
61 verbose parsed url   port: null,
61 verbose parsed url   hostname: null,
61 verbose parsed url   hash: null,
61 verbose parsed url   search: null,
61 verbose parsed url   query: null,
61 verbose parsed url   pathname: '~1.0.2',
61 verbose parsed url   path: '~1.0.2',
61 verbose parsed url   href: '~1.0.2' }
62 verbose addNamed [ 'passport-facebook', '~1.0.2' ]
63 verbose addNamed [ null, '>=1.0.2-0 <1.1.0-0' ]
64 silly lockFile 15dce32a-passport-facebook-1-0-2 passport-facebook@~1.0.2
65 verbose lock passport-facebook@~1.0.2 /Users/sam/.npm/15dce32a-passport-facebook-1-0-2.lock
66 verbose cache add [ 'passport-google-oauth@~0.1.5', null ]
67 verbose cache add name=undefined spec="passport-google-oauth@~0.1.5" args=["passport-google-oauth@~0.1.5",null]
68 verbose parsed url { protocol: null,
68 verbose parsed url   slashes: null,
68 verbose parsed url   auth: null,
68 verbose parsed url   host: null,
68 verbose parsed url   port: null,
68 verbose parsed url   hostname: null,
68 verbose parsed url   hash: null,
68 verbose parsed url   search: null,
68 verbose parsed url   query: null,
68 verbose parsed url   pathname: 'passport-google-oauth@~0.1.5',
68 verbose parsed url   path: 'passport-google-oauth@~0.1.5',
68 verbose parsed url   href: 'passport-google-oauth@~0.1.5' }
69 verbose cache add [ 'connect-flash@~0.1.1', null ]
70 verbose cache add name=undefined spec="connect-flash@~0.1.1" args=["connect-flash@~0.1.1",null]
71 verbose parsed url { protocol: null,
71 verbose parsed url   slashes: null,
71 verbose parsed url   auth: null,
71 verbose parsed url   host: null,
71 verbose parsed url   port: null,
71 verbose parsed url   hostname: null,
71 verbose parsed url   hash: null,
71 verbose parsed url   search: null,
71 verbose parsed url   query: null,
71 verbose parsed url   pathname: 'connect-flash@~0.1.1',
71 verbose parsed url   path: 'connect-flash@~0.1.1',
71 verbose parsed url   href: 'connect-flash@~0.1.1' }
72 verbose cache add name="passport-twitter" spec="~1.0.2" args=["passport-twitter","~1.0.2"]
73 verbose parsed url { protocol: null,
73 verbose parsed url   slashes: null,
73 verbose parsed url   auth: null,
73 verbose parsed url   host: null,
73 verbose parsed url   port: null,
73 verbose parsed url   hostname: null,
73 verbose parsed url   hash: null,
73 verbose parsed url   search: null,
73 verbose parsed url   query: null,
73 verbose parsed url   pathname: '~1.0.2',
73 verbose parsed url   path: '~1.0.2',
73 verbose parsed url   href: '~1.0.2' }
74 verbose addNamed [ 'passport-twitter', '~1.0.2' ]
75 verbose addNamed [ null, '>=1.0.2-0 <1.1.0-0' ]
76 silly lockFile d97c8ec0-passport-twitter-1-0-2 passport-twitter@~1.0.2
77 verbose lock passport-twitter@~1.0.2 /Users/sam/.npm/d97c8ec0-passport-twitter-1-0-2.lock
78 verbose cache add name="passport-google-oauth" spec="~0.1.5" args=["passport-google-oauth","~0.1.5"]
79 verbose parsed url { protocol: null,
79 verbose parsed url   slashes: null,
79 verbose parsed url   auth: null,
79 verbose parsed url   host: null,
79 verbose parsed url   port: null,
79 verbose parsed url   hostname: null,
79 verbose parsed url   hash: null,
79 verbose parsed url   search: null,
79 verbose parsed url   query: null,
79 verbose parsed url   pathname: '~0.1.5',
79 verbose parsed url   path: '~0.1.5',
79 verbose parsed url   href: '~0.1.5' }
80 verbose addNamed [ 'passport-google-oauth', '~0.1.5' ]
81 verbose addNamed [ null, '>=0.1.5-0 <0.2.0-0' ]
82 silly lockFile 8b7f1422-passport-google-oauth-0-1-5 passport-google-oauth@~0.1.5
83 verbose lock passport-google-oauth@~0.1.5 /Users/sam/.npm/8b7f1422-passport-google-oauth-0-1-5.lock
84 verbose cache add [ 'bcrypt-nodejs@latest', null ]
85 verbose cache add name=undefined spec="bcrypt-nodejs@latest" args=["bcrypt-nodejs@latest",null]
86 verbose parsed url { protocol: null,
86 verbose parsed url   slashes: null,
86 verbose parsed url   auth: null,
86 verbose parsed url   host: null,
86 verbose parsed url   port: null,
86 verbose parsed url   hostname: null,
86 verbose parsed url   hash: null,
86 verbose parsed url   search: null,
86 verbose parsed url   query: null,
86 verbose parsed url   pathname: 'bcrypt-nodejs@latest',
86 verbose parsed url   path: 'bcrypt-nodejs@latest',
86 verbose parsed url   href: 'bcrypt-nodejs@latest' }
87 verbose cache add name="connect-flash" spec="~0.1.1" args=["connect-flash","~0.1.1"]
88 verbose parsed url { protocol: null,
88 verbose parsed url   slashes: null,
88 verbose parsed url   auth: null,
88 verbose parsed url   host: null,
88 verbose parsed url   port: null,
88 verbose parsed url   hostname: null,
88 verbose parsed url   hash: null,
88 verbose parsed url   search: null,
88 verbose parsed url   query: null,
88 verbose parsed url   pathname: '~0.1.1',
88 verbose parsed url   path: '~0.1.1',
88 verbose parsed url   href: '~0.1.1' }
89 verbose addNamed [ 'connect-flash', '~0.1.1' ]
90 verbose addNamed [ null, '>=0.1.1-0 <0.2.0-0' ]
91 silly lockFile be0530b2-connect-flash-0-1-1 connect-flash@~0.1.1
92 verbose lock connect-flash@~0.1.1 /Users/sam/.npm/be0530b2-connect-flash-0-1-1.lock
93 silly addNameRange { name: 'express', range: '>=4.0.0-0 <4.1.0-0', hasData: false }
94 silly addNameRange { name: 'mongoose', range: '>=3.8.1-0 <3.9.0-0', hasData: false }
95 silly addNameRange { name: 'ejs', range: '>=0.8.5-0 <0.9.0-0', hasData: false }
96 silly addNameRange { name: 'passport',
96 silly addNameRange   range: '>=0.1.17-0 <0.2.0-0',
96 silly addNameRange   hasData: false }
97 silly addNameRange { name: 'passport-local',
97 silly addNameRange   range: '>=0.1.6-0 <0.2.0-0',
97 silly addNameRange   hasData: false }
98 silly addNameRange { name: 'passport-facebook',
98 silly addNameRange   range: '>=1.0.2-0 <1.1.0-0',
98 silly addNameRange   hasData: false }
99 verbose cache add [ 'morgan@~1.0.0', null ]
100 verbose cache add name=undefined spec="morgan@~1.0.0" args=["morgan@~1.0.0",null]
101 verbose parsed url { protocol: null,
101 verbose parsed url   slashes: null,
101 verbose parsed url   auth: null,
101 verbose parsed url   host: null,
101 verbose parsed url   port: null,
101 verbose parsed url   hostname: null,
101 verbose parsed url   hash: null,
101 verbose parsed url   search: null,
101 verbose parsed url   query: null,
101 verbose parsed url   pathname: 'morgan@~1.0.0',
101 verbose parsed url   path: 'morgan@~1.0.0',
101 verbose parsed url   href: 'morgan@~1.0.0' }
102 verbose cache add [ 'body-parser@~1.0.0', null ]
103 verbose cache add name=undefined spec="body-parser@~1.0.0" args=["body-parser@~1.0.0",null]
104 verbose parsed url { protocol: null,
104 verbose parsed url   slashes: null,
104 verbose parsed url   auth: null,
104 verbose parsed url   host: null,
104 verbose parsed url   port: null,
104 verbose parsed url   hostname: null,
104 verbose parsed url   hash: null,
104 verbose parsed url   search: null,
104 verbose parsed url   query: null,
104 verbose parsed url   pathname: 'body-parser@~1.0.0',
104 verbose parsed url   path: 'body-parser@~1.0.0',
104 verbose parsed url   href: 'body-parser@~1.0.0' }
105 verbose cache add [ 'cookie-parser@~1.0.0', null ]
106 verbose cache add name=undefined spec="cookie-parser@~1.0.0" args=["cookie-parser@~1.0.0",null]
107 verbose parsed url { protocol: null,
107 verbose parsed url   slashes: null,
107 verbose parsed url   auth: null,
107 verbose parsed url   host: null,
107 verbose parsed url   port: null,
107 verbose parsed url   hostname: null,
107 verbose parsed url   hash: null,
107 verbose parsed url   search: null,
107 verbose parsed url   query: null,
107 verbose parsed url   pathname: 'cookie-parser@~1.0.0',
107 verbose parsed url   path: 'cookie-parser@~1.0.0',
107 verbose parsed url   href: 'cookie-parser@~1.0.0' }
108 verbose cache add [ 'method-override@~1.0.0', null ]
109 verbose cache add name=undefined spec="method-override@~1.0.0" args=["method-override@~1.0.0",null]
110 verbose parsed url { protocol: null,
110 verbose parsed url   slashes: null,
110 verbose parsed url   auth: null,
110 verbose parsed url   host: null,
110 verbose parsed url   port: null,
110 verbose parsed url   hostname: null,
110 verbose parsed url   hash: null,
110 verbose parsed url   search: null,
110 verbose parsed url   query: null,
110 verbose parsed url   pathname: 'method-override@~1.0.0',
110 verbose parsed url   path: 'method-override@~1.0.0',
110 verbose parsed url   href: 'method-override@~1.0.0' }
111 verbose cache add [ 'express-session@~1.0.0', null ]
112 verbose cache add name=undefined spec="express-session@~1.0.0" args=["express-session@~1.0.0",null]
113 verbose parsed url { protocol: null,
113 verbose parsed url   slashes: null,
113 verbose parsed url   auth: null,
113 verbose parsed url   host: null,
113 verbose parsed url   port: null,
113 verbose parsed url   hostname: null,
113 verbose parsed url   hash: null,
113 verbose parsed url   search: null,
113 verbose parsed url   query: null,
113 verbose parsed url   pathname: 'express-session@~1.0.0',
113 verbose parsed url   path: 'express-session@~1.0.0',
113 verbose parsed url   href: 'express-session@~1.0.0' }
114 verbose cache add name="bcrypt-nodejs" spec="latest" args=["bcrypt-nodejs","latest"]
115 verbose parsed url { protocol: null,
115 verbose parsed url   slashes: null,
115 verbose parsed url   auth: null,
115 verbose parsed url   host: null,
115 verbose parsed url   port: null,
115 verbose parsed url   hostname: null,
115 verbose parsed url   hash: null,
115 verbose parsed url   search: null,
115 verbose parsed url   query: null,
115 verbose parsed url   pathname: 'latest',
115 verbose parsed url   path: 'latest',
115 verbose parsed url   href: 'latest' }
116 verbose addNamed [ 'bcrypt-nodejs', 'latest' ]
117 verbose addNamed [ null, null ]
118 silly lockFile 8a2c73f6-bcrypt-nodejs-latest bcrypt-nodejs@latest
119 verbose lock bcrypt-nodejs@latest /Users/sam/.npm/8a2c73f6-bcrypt-nodejs-latest.lock
120 silly addNameRange { name: 'passport-twitter',
120 silly addNameRange   range: '>=1.0.2-0 <1.1.0-0',
120 silly addNameRange   hasData: false }
121 silly addNameRange { name: 'passport-google-oauth',
121 silly addNameRange   range: '>=0.1.5-0 <0.2.0-0',
121 silly addNameRange   hasData: false }
122 verbose cache add name="morgan" spec="~1.0.0" args=["morgan","~1.0.0"]
123 verbose parsed url { protocol: null,
123 verbose parsed url   slashes: null,
123 verbose parsed url   auth: null,
123 verbose parsed url   host: null,
123 verbose parsed url   port: null,
123 verbose parsed url   hostname: null,
123 verbose parsed url   hash: null,
123 verbose parsed url   search: null,
123 verbose parsed url   query: null,
123 verbose parsed url   pathname: '~1.0.0',
123 verbose parsed url   path: '~1.0.0',
123 verbose parsed url   href: '~1.0.0' }
124 verbose addNamed [ 'morgan', '~1.0.0' ]
125 verbose addNamed [ null, '>=1.0.0-0 <1.1.0-0' ]
126 silly lockFile 58998603-morgan-1-0-0 morgan@~1.0.0
127 verbose lock morgan@~1.0.0 /Users/sam/.npm/58998603-morgan-1-0-0.lock
128 verbose cache add name="body-parser" spec="~1.0.0" args=["body-parser","~1.0.0"]
129 verbose parsed url { protocol: null,
129 verbose parsed url   slashes: null,
129 verbose parsed url   auth: null,
129 verbose parsed url   host: null,
129 verbose parsed url   port: null,
129 verbose parsed url   hostname: null,
129 verbose parsed url   hash: null,
129 verbose parsed url   search: null,
129 verbose parsed url   query: null,
129 verbose parsed url   pathname: '~1.0.0',
129 verbose parsed url   path: '~1.0.0',
129 verbose parsed url   href: '~1.0.0' }
130 verbose addNamed [ 'body-parser', '~1.0.0' ]
131 verbose addNamed [ null, '>=1.0.0-0 <1.1.0-0' ]
132 silly lockFile 9ca6d1f0-body-parser-1-0-0 body-parser@~1.0.0
133 verbose lock body-parser@~1.0.0 /Users/sam/.npm/9ca6d1f0-body-parser-1-0-0.lock
134 verbose cache add name="cookie-parser" spec="~1.0.0" args=["cookie-parser","~1.0.0"]
135 verbose parsed url { protocol: null,
135 verbose parsed url   slashes: null,
135 verbose parsed url   auth: null,
135 verbose parsed url   host: null,
135 verbose parsed url   port: null,
135 verbose parsed url   hostname: null,
135 verbose parsed url   hash: null,
135 verbose parsed url   search: null,
135 verbose parsed url   query: null,
135 verbose parsed url   pathname: '~1.0.0',
135 verbose parsed url   path: '~1.0.0',
135 verbose parsed url   href: '~1.0.0' }
136 verbose addNamed [ 'cookie-parser', '~1.0.0' ]
137 verbose addNamed [ null, '>=1.0.0-0 <1.1.0-0' ]
138 silly lockFile ac30e20f-cookie-parser-1-0-0 cookie-parser@~1.0.0
139 verbose lock cookie-parser@~1.0.0 /Users/sam/.npm/ac30e20f-cookie-parser-1-0-0.lock
140 verbose cache add name="method-override" spec="~1.0.0" args=["method-override","~1.0.0"]
141 verbose parsed url { protocol: null,
141 verbose parsed url   slashes: null,
141 verbose parsed url   auth: null,
141 verbose parsed url   host: null,
141 verbose parsed url   port: null,
141 verbose parsed url   hostname: null,
141 verbose parsed url   hash: null,
141 verbose parsed url   search: null,
141 verbose parsed url   query: null,
141 verbose parsed url   pathname: '~1.0.0',
141 verbose parsed url   path: '~1.0.0',
141 verbose parsed url   href: '~1.0.0' }
142 verbose addNamed [ 'method-override', '~1.0.0' ]
143 verbose addNamed [ null, '>=1.0.0-0 <1.1.0-0' ]
144 silly lockFile 75669156-method-override-1-0-0 method-override@~1.0.0
145 verbose lock method-override@~1.0.0 /Users/sam/.npm/75669156-method-override-1-0-0.lock
146 verbose cache add name="express-session" spec="~1.0.0" args=["express-session","~1.0.0"]
147 verbose parsed url { protocol: null,
147 verbose parsed url   slashes: null,
147 verbose parsed url   auth: null,
147 verbose parsed url   host: null,
147 verbose parsed url   port: null,
147 verbose parsed url   hostname: null,
147 verbose parsed url   hash: null,
147 verbose parsed url   search: null,
147 verbose parsed url   query: null,
147 verbose parsed url   pathname: '~1.0.0',
147 verbose parsed url   path: '~1.0.0',
147 verbose parsed url   href: '~1.0.0' }
148 verbose addNamed [ 'express-session', '~1.0.0' ]
149 verbose addNamed [ null, '>=1.0.0-0 <1.1.0-0' ]
150 silly lockFile f4147bc7-express-session-1-0-0 express-session@~1.0.0
151 verbose lock express-session@~1.0.0 /Users/sam/.npm/f4147bc7-express-session-1-0-0.lock
152 silly addNameRange { name: 'connect-flash',
152 silly addNameRange   range: '>=0.1.1-0 <0.2.0-0',
152 silly addNameRange   hasData: false }
153 info addNameTag [ 'bcrypt-nodejs', 'latest' ]
154 silly addNameRange { name: 'body-parser',
154 silly addNameRange   range: '>=1.0.0-0 <1.1.0-0',
154 silly addNameRange   hasData: false }
155 silly addNameRange { name: 'morgan', range: '>=1.0.0-0 <1.1.0-0', hasData: false }
156 silly addNameRange { name: 'cookie-parser',
156 silly addNameRange   range: '>=1.0.0-0 <1.1.0-0',
156 silly addNameRange   hasData: false }
157 silly addNameRange { name: 'method-override',
157 silly addNameRange   range: '>=1.0.0-0 <1.1.0-0',
157 silly addNameRange   hasData: false }
158 silly addNameRange { name: 'express-session',
158 silly addNameRange   range: '>=1.0.0-0 <1.1.0-0',
158 silly addNameRange   hasData: false }
159 verbose request where is /bcrypt-nodejs
160 verbose request registry https://registry.npmjs.org/
161 verbose request id ba88cc2d19690b79
162 verbose url raw /bcrypt-nodejs
163 verbose url resolving [ 'https://registry.npmjs.org/', './bcrypt-nodejs' ]
164 verbose url resolved https://registry.npmjs.org/bcrypt-nodejs
165 verbose request where is https://registry.npmjs.org/bcrypt-nodejs
166 info trying registry request attempt 1 at 23:10:46
167 http GET https://registry.npmjs.org/bcrypt-nodejs
168 verbose request where is /passport
169 verbose request registry https://registry.npmjs.org/
170 verbose url raw /passport
171 verbose url resolving [ 'https://registry.npmjs.org/', './passport' ]
172 verbose url resolved https://registry.npmjs.org/passport
173 verbose request where is https://registry.npmjs.org/passport
174 info trying registry request attempt 1 at 23:10:46
175 verbose etag "2T6LLQOTUE6LRP8RD8SUZ5MIG"
176 http GET https://registry.npmjs.org/passport
177 verbose request where is /ejs
178 verbose request registry https://registry.npmjs.org/
179 verbose url raw /ejs
180 verbose url resolving [ 'https://registry.npmjs.org/', './ejs' ]
181 verbose url resolved https://registry.npmjs.org/ejs
182 verbose request where is https://registry.npmjs.org/ejs
183 info trying registry request attempt 1 at 23:10:46
184 verbose etag "15TJWYSPTT04PG8RFMKMQ8233"
185 http GET https://registry.npmjs.org/ejs
186 verbose request where is /passport-facebook
187 verbose request registry https://registry.npmjs.org/
188 verbose url raw /passport-facebook
189 verbose url resolving [ 'https://registry.npmjs.org/', './passport-facebook' ]
190 verbose url resolved https://registry.npmjs.org/passport-facebook
191 verbose request where is https://registry.npmjs.org/passport-facebook
192 info trying registry request attempt 1 at 23:10:46
193 verbose etag "3X8OKKBLSLK9O9GPF6FZLB1XW"
194 http GET https://registry.npmjs.org/passport-facebook
195 verbose request where is /express
196 verbose request registry https://registry.npmjs.org/
197 verbose url raw /express
198 verbose url resolving [ 'https://registry.npmjs.org/', './express' ]
199 verbose url resolved https://registry.npmjs.org/express
200 verbose request where is https://registry.npmjs.org/express
201 info trying registry request attempt 1 at 23:10:46
202 verbose etag "83H3CG151JZG85DS656IHITA"
203 http GET https://registry.npmjs.org/express
204 verbose request where is /passport-local
205 verbose request registry https://registry.npmjs.org/
206 verbose url raw /passport-local
207 verbose url resolving [ 'https://registry.npmjs.org/', './passport-local' ]
208 verbose url resolved https://registry.npmjs.org/passport-local
209 verbose request where is https://registry.npmjs.org/passport-local
210 info trying registry request attempt 1 at 23:10:46
211 verbose etag "F2MBNKV8QACAF4X2DU6NVNKR8"
212 http GET https://registry.npmjs.org/passport-local
213 verbose request where is /mongoose
214 verbose request registry https://registry.npmjs.org/
215 verbose url raw /mongoose
216 verbose url resolving [ 'https://registry.npmjs.org/', './mongoose' ]
217 verbose url resolved https://registry.npmjs.org/mongoose
218 verbose request where is https://registry.npmjs.org/mongoose
219 info trying registry request attempt 1 at 23:10:46
220 verbose etag "4NI9W5XYPIMVL4M3AVTF6GMN7"
221 http GET https://registry.npmjs.org/mongoose
222 verbose request where is /passport-twitter
223 verbose request registry https://registry.npmjs.org/
224 verbose url raw /passport-twitter
225 verbose url resolving [ 'https://registry.npmjs.org/', './passport-twitter' ]
226 verbose url resolved https://registry.npmjs.org/passport-twitter
227 verbose request where is https://registry.npmjs.org/passport-twitter
228 info trying registry request attempt 1 at 23:10:46
229 verbose etag "D6OXY6VP3GYN5QYO3PS9VCMKV"
230 http GET https://registry.npmjs.org/passport-twitter
231 verbose request where is /passport-google-oauth
232 verbose request registry https://registry.npmjs.org/
233 verbose url raw /passport-google-oauth
234 verbose url resolving [ 'https://registry.npmjs.org/', './passport-google-oauth' ]
235 verbose url resolved https://registry.npmjs.org/passport-google-oauth
236 verbose request where is https://registry.npmjs.org/passport-google-oauth
237 info trying registry request attempt 1 at 23:10:46
238 verbose etag "CNH1HR2EP7JOPTNOKQR95WBCR"
239 http GET https://registry.npmjs.org/passport-google-oauth
240 verbose request where is /connect-flash
241 verbose request registry https://registry.npmjs.org/
242 verbose url raw /connect-flash
243 verbose url resolving [ 'https://registry.npmjs.org/', './connect-flash' ]
244 verbose url resolved https://registry.npmjs.org/connect-flash
245 verbose request where is https://registry.npmjs.org/connect-flash
246 info trying registry request attempt 1 at 23:10:46
247 verbose etag "ED07EJNAT4KLQW8ACS7ODHD0Y"
248 http GET https://registry.npmjs.org/connect-flash
249 verbose request where is /morgan
250 verbose request registry https://registry.npmjs.org/
251 verbose url raw /morgan
252 verbose url resolving [ 'https://registry.npmjs.org/', './morgan' ]
253 verbose url resolved https://registry.npmjs.org/morgan
254 verbose request where is https://registry.npmjs.org/morgan
255 info trying registry request attempt 1 at 23:10:46
256 verbose etag "708ZQTN8ZP2GVR4WWCO6UK2FY"
257 http GET https://registry.npmjs.org/morgan
258 verbose request where is /method-override
259 verbose request registry https://registry.npmjs.org/
260 verbose url raw /method-override
261 verbose url resolving [ 'https://registry.npmjs.org/', './method-override' ]
262 verbose url resolved https://registry.npmjs.org/method-override
263 verbose request where is https://registry.npmjs.org/method-override
264 info trying registry request attempt 1 at 23:10:46
265 verbose etag "ARSLRG3HPV6L40NZ27OSUG5GE"
266 http GET https://registry.npmjs.org/method-override
267 verbose request where is /cookie-parser
268 verbose request registry https://registry.npmjs.org/
269 verbose url raw /cookie-parser
270 verbose url resolving [ 'https://registry.npmjs.org/', './cookie-parser' ]
271 verbose url resolved https://registry.npmjs.org/cookie-parser
272 verbose request where is https://registry.npmjs.org/cookie-parser
273 info trying registry request attempt 1 at 23:10:46
274 verbose etag "D2I21Z55J0M83YHA636O1DW9K"
275 http GET https://registry.npmjs.org/cookie-parser
276 verbose request where is /express-session
277 verbose request registry https://registry.npmjs.org/
278 verbose url raw /express-session
279 verbose url resolving [ 'https://registry.npmjs.org/', './express-session' ]
280 verbose url resolved https://registry.npmjs.org/express-session
281 verbose request where is https://registry.npmjs.org/express-session
282 info trying registry request attempt 1 at 23:10:46
283 verbose etag "5XY51F8JB3BYHRZ4TZCWJO11C"
284 http GET https://registry.npmjs.org/express-session
285 verbose request where is /body-parser
286 verbose request registry https://registry.npmjs.org/
287 verbose url raw /body-parser
288 verbose url resolving [ 'https://registry.npmjs.org/', './body-parser' ]
289 verbose url resolved https://registry.npmjs.org/body-parser
290 verbose request where is https://registry.npmjs.org/body-parser
291 info trying registry request attempt 1 at 23:10:46
292 verbose etag "31NOWALYE5KS8CUXXM9FZZM0H"
293 http GET https://registry.npmjs.org/body-parser
294 http 304 https://registry.npmjs.org/passport
295 silly registry.get cb [ 304,
295 silly registry.get   { date: 'Fri, 07 Nov 2014 05:10:46 GMT',
295 silly registry.get     server: 'Apache',
295 silly registry.get     via: '1.1 varnish',
295 silly registry.get     'last-modified': 'Fri, 07 Nov 2014 05:10:46 GMT',
295 silly registry.get     'cache-control': 'max-age=60',
295 silly registry.get     etag: '"2T6LLQOTUE6LRP8RD8SUZ5MIG"',
295 silly registry.get     age: '0',
295 silly registry.get     'x-served-by': 'cache-ord1735-ORD',
295 silly registry.get     'x-cache': 'HIT',
295 silly registry.get     'x-cache-hits': '1',
295 silly registry.get     'x-timer': 'S1415337046.751659,VS0,VE33',
295 silly registry.get     vary: 'Accept',
295 silly registry.get     'content-length': '0',
295 silly registry.get     'keep-alive': 'timeout=10, max=50',
295 silly registry.get     connection: 'Keep-Alive' } ]
296 verbose etag https://registry.npmjs.org/passport from cache
297 silly addNameRange number 2 { name: 'passport', range: '>=0.1.17-0 <0.2.0-0', hasData: true }
298 silly addNameRange versions [ 'passport',
298 silly addNameRange   [ '0.1.0',
298 silly addNameRange     '0.1.1',
298 silly addNameRange     '0.1.2',
298 silly addNameRange     '0.1.3',
298 silly addNameRange     '0.1.4',
298 silly addNameRange     '0.1.5',
298 silly addNameRange     '0.1.6',
298 silly addNameRange     '0.1.7',
298 silly addNameRange     '0.1.8',
298 silly addNameRange     '0.1.9',
298 silly addNameRange     '0.1.10',
298 silly addNameRange     '0.1.11',
298 silly addNameRange     '0.1.12',
298 silly addNameRange     '0.1.13',
298 silly addNameRange     '0.1.14',
298 silly addNameRange     '0.1.15',
298 silly addNameRange     '0.1.16',
298 silly addNameRange     '0.1.17',
298 silly addNameRange     '0.1.18',
298 silly addNameRange     '0.2.0',
298 silly addNameRange     '0.2.1' ] ]
299 verbose addNamed [ 'passport', '0.1.18' ]
300 verbose addNamed [ '0.1.18', '0.1.18' ]
301 silly lockFile 8599b435-passport-0-1-18 passport@0.1.18
302 verbose lock passport@0.1.18 /Users/sam/.npm/8599b435-passport-0-1-18.lock
303 silly lockFile 8599b435-passport-0-1-18 passport@0.1.18
304 silly lockFile 8599b435-passport-0-1-18 passport@0.1.18
305 silly lockFile ea5895ee-passport-0-1-17 passport@~0.1.17
306 silly lockFile ea5895ee-passport-0-1-17 passport@~0.1.17
307 http 200 https://registry.npmjs.org/bcrypt-nodejs
308 silly registry.get cb [ 200,
308 silly registry.get   { date: 'Fri, 07 Nov 2014 05:10:46 GMT',
308 silly registry.get     server: 'CouchDB/1.5.0 (Erlang OTP/R16B03)',
308 silly registry.get     etag: '"70C6TM6EJJHEK9I9X7XL97I8H"',
308 silly registry.get     'content-type': 'application/json',
308 silly registry.get     'cache-control': 'max-age=60',
308 silly registry.get     'content-length': '21353',
308 silly registry.get     'accept-ranges': 'bytes',
308 silly registry.get     via: '1.1 varnish',
308 silly registry.get     age: '0',
308 silly registry.get     'x-served-by': 'cache-ord1734-ORD',
308 silly registry.get     'x-cache': 'HIT',
308 silly registry.get     'x-cache-hits': '1',
308 silly registry.get     'x-timer': 'S1415337046.755821,VS0,VE62',
308 silly registry.get     vary: 'Accept',
308 silly registry.get     'keep-alive': 'timeout=10, max=50',
308 silly registry.get     connection: 'Keep-Alive' } ]
309 http 304 https://registry.npmjs.org/passport-local
310 silly registry.get cb [ 304,
310 silly registry.get   { date: 'Fri, 07 Nov 2014 05:10:46 GMT',
310 silly registry.get     server: 'Apache',
310 silly registry.get     via: '1.1 varnish',
310 silly registry.get     'last-modified': 'Fri, 07 Nov 2014 05:10:46 GMT',
310 silly registry.get     'cache-control': 'max-age=60',
310 silly registry.get     etag: '"F2MBNKV8QACAF4X2DU6NVNKR8"',
310 silly registry.get     age: '0',
310 silly registry.get     'x-served-by': 'cache-ord1735-ORD',
310 silly registry.get     'x-cache': 'HIT',
310 silly registry.get     'x-cache-hits': '1',
310 silly registry.get     'x-timer': 'S1415337046.796369,VS0,VE32',
310 silly registry.get     vary: 'Accept',
310 silly registry.get     'content-length': '0',
310 silly registry.get     'keep-alive': 'timeout=10, max=49',
310 silly registry.get     connection: 'Keep-Alive' } ]
311 verbose etag https://registry.npmjs.org/passport-local from cache
312 silly addNameRange number 2 { name: 'passport-local',
312 silly addNameRange   range: '>=0.1.6-0 <0.2.0-0',
312 silly addNameRange   hasData: true }
313 silly addNameRange versions [ 'passport-local',
313 silly addNameRange   [ '0.1.0',
313 silly addNameRange     '0.1.1',
313 silly addNameRange     '0.1.2',
313 silly addNameRange     '0.1.3',
313 silly addNameRange     '0.1.4',
313 silly addNameRange     '0.1.5',
313 silly addNameRange     '0.1.6',
313 silly addNameRange     '1.0.0' ] ]
314 verbose addNamed [ 'passport-local', '0.1.6' ]
315 verbose addNamed [ '0.1.6', '0.1.6' ]
316 silly lockFile 91e070c6-passport-local-0-1-6 passport-local@0.1.6
317 verbose lock passport-local@0.1.6 /Users/sam/.npm/91e070c6-passport-local-0-1-6.lock
318 verbose addNamed [ 'bcrypt-nodejs', '0.0.3' ]
319 verbose addNamed [ '0.0.3', '0.0.3' ]
320 silly lockFile 30db234c-bcrypt-nodejs-0-0-3 bcrypt-nodejs@0.0.3
321 verbose lock bcrypt-nodejs@0.0.3 /Users/sam/.npm/30db234c-bcrypt-nodejs-0-0-3.lock
322 silly lockFile fe15f6d0-t-local-passport-local-0-1-6-tgz https://registry.npmjs.org/passport-local/-/passport-local-0.1.6.tgz
323 verbose lock https://registry.npmjs.org/passport-local/-/passport-local-0.1.6.tgz /Users/sam/.npm/fe15f6d0-t-local-passport-local-0-1-6-tgz.lock
324 silly lockFile dd840248-t-nodejs-bcrypt-nodejs-0-0-3-tgz https://registry.npmjs.org/bcrypt-nodejs/-/bcrypt-nodejs-0.0.3.tgz
325 verbose lock https://registry.npmjs.org/bcrypt-nodejs/-/bcrypt-nodejs-0.0.3.tgz /Users/sam/.npm/dd840248-t-nodejs-bcrypt-nodejs-0-0-3-tgz.lock
326 verbose addRemoteTarball [ 'https://registry.npmjs.org/passport-local/-/passport-local-0.1.6.tgz',
326 verbose addRemoteTarball   'fb0cf828048db931b67d19985c7aa06dd377a9db' ]
327 verbose addRemoteTarball [ 'https://registry.npmjs.org/bcrypt-nodejs/-/bcrypt-nodejs-0.0.3.tgz',
327 verbose addRemoteTarball   'c60917f26dc235661566c681061c303c2b28842b' ]
328 info retry fetch attempt 1 at 23:10:46
329 verbose fetch to= /var/folders/f7/6332ds0j0jb8ljkw5rgjsk380000gn/T/npm-90654-oRBxVZpb/registry.npmjs.org/bcrypt-nodejs/-/bcrypt-nodejs-0.0.3.tgz
330 http GET https://registry.npmjs.org/bcrypt-nodejs/-/bcrypt-nodejs-0.0.3.tgz
331 info retry fetch attempt 1 at 23:10:46
332 verbose fetch to= /var/folders/f7/6332ds0j0jb8ljkw5rgjsk380000gn/T/npm-90654-oRBxVZpb/registry.npmjs.org/passport-local/-/passport-local-0.1.6.tgz
333 http GET https://registry.npmjs.org/passport-local/-/passport-local-0.1.6.tgz
334 http 200 https://registry.npmjs.org/bcrypt-nodejs/-/bcrypt-nodejs-0.0.3.tgz
335 http 304 https://registry.npmjs.org/passport-facebook
336 silly registry.get cb [ 304,
336 silly registry.get   { date: 'Fri, 07 Nov 2014 05:10:46 GMT',
336 silly registry.get     server: 'Apache',
336 silly registry.get     via: '1.1 varnish',
336 silly registry.get     'last-modified': 'Fri, 07 Nov 2014 05:10:46 GMT',
336 silly registry.get     'cache-control': 'max-age=60',
336 silly registry.get     etag: '"3X8OKKBLSLK9O9GPF6FZLB1XW"',
336 silly registry.get     age: '0',
336 silly registry.get     'x-served-by': 'cache-ord1735-ORD',
336 silly registry.get     'x-cache': 'MISS',
336 silly registry.get     'x-cache-hits': '0',
336 silly registry.get     'x-timer': 'S1415337046.755002,VS0,VE145',
336 silly registry.get     vary: 'Accept',
336 silly registry.get     'content-length': '0',
336 silly registry.get     'keep-alive': 'timeout=10, max=50',
336 silly registry.get     connection: 'Keep-Alive' } ]
337 verbose etag https://registry.npmjs.org/passport-facebook from cache
338 http 304 https://registry.npmjs.org/passport-twitter
339 silly registry.get cb [ 304,
339 silly registry.get   { date: 'Fri, 07 Nov 2014 05:10:46 GMT',
339 silly registry.get     server: 'Apache',
339 silly registry.get     via: '1.1 varnish',
339 silly registry.get     'last-modified': 'Fri, 07 Nov 2014 05:10:46 GMT',
339 silly registry.get     'cache-control': 'max-age=60',
339 silly registry.get     etag: '"D6OXY6VP3GYN5QYO3PS9VCMKV"',
339 silly registry.get     age: '0',
339 silly registry.get     'x-served-by': 'cache-ord1735-ORD',
339 silly registry.get     'x-cache': 'HIT',
339 silly registry.get     'x-cache-hits': '1',
339 silly registry.get     'x-timer': 'S1415337046.838379,VS0,VE63',
339 silly registry.get     vary: 'Accept',
339 silly registry.get     'content-length': '0',
339 silly registry.get     'keep-alive': 'timeout=10, max=48',
339 silly registry.get     connection: 'Keep-Alive' } ]
340 verbose etag https://registry.npmjs.org/passport-twitter from cache
341 silly addNameRange number 2 { name: 'passport-twitter',
341 silly addNameRange   range: '>=1.0.2-0 <1.1.0-0',
341 silly addNameRange   hasData: true }
342 silly addNameRange versions [ 'passport-twitter',
342 silly addNameRange   [ '0.1.0',
342 silly addNameRange     '0.1.1',
342 silly addNameRange     '0.1.2',
342 silly addNameRange     '0.1.3',
342 silly addNameRange     '0.1.4',
342 silly addNameRange     '0.1.5',
342 silly addNameRange     '1.0.0',
342 silly addNameRange     '1.0.1',
342 silly addNameRange     '1.0.2' ] ]
343 verbose addNamed [ 'passport-twitter', '1.0.2' ]
344 verbose addNamed [ '1.0.2', '1.0.2' ]
345 silly lockFile 50fcdf9c-passport-twitter-1-0-2 passport-twitter@1.0.2
346 verbose lock passport-twitter@1.0.2 /Users/sam/.npm/50fcdf9c-passport-twitter-1-0-2.lock
347 silly addNameRange number 2 { name: 'passport-facebook',
347 silly addNameRange   range: '>=1.0.2-0 <1.1.0-0',
347 silly addNameRange   hasData: true }
348 silly addNameRange versions [ 'passport-facebook',
348 silly addNameRange   [ '0.1.0',
348 silly addNameRange     '0.1.1',
348 silly addNameRange     '0.1.2',
348 silly addNameRange     '0.1.3',
348 silly addNameRange     '0.1.4',
348 silly addNameRange     '0.1.5',
348 silly addNameRange     '0.1.6',
348 silly addNameRange     '1.0.0',
348 silly addNameRange     '1.0.1',
348 silly addNameRange     '1.0.2',
348 silly addNameRange     '1.0.3' ] ]
349 verbose addNamed [ 'passport-facebook', '1.0.3' ]
350 verbose addNamed [ '1.0.3', '1.0.3' ]
351 silly lockFile 3e2a96bb-passport-facebook-1-0-3 passport-facebook@1.0.3
352 verbose lock passport-facebook@1.0.3 /Users/sam/.npm/3e2a96bb-passport-facebook-1-0-3.lock
353 silly lockFile 3e2a96bb-passport-facebook-1-0-3 passport-facebook@1.0.3
354 silly lockFile 3e2a96bb-passport-facebook-1-0-3 passport-facebook@1.0.3
355 silly lockFile 50fcdf9c-passport-twitter-1-0-2 passport-twitter@1.0.2
356 silly lockFile 50fcdf9c-passport-twitter-1-0-2 passport-twitter@1.0.2
357 silly lockFile 15dce32a-passport-facebook-1-0-2 passport-facebook@~1.0.2
358 silly lockFile 15dce32a-passport-facebook-1-0-2 passport-facebook@~1.0.2
359 silly lockFile d97c8ec0-passport-twitter-1-0-2 passport-twitter@~1.0.2
360 silly lockFile d97c8ec0-passport-twitter-1-0-2 passport-twitter@~1.0.2
361 silly lockFile dd840248-t-nodejs-bcrypt-nodejs-0-0-3-tgz https://registry.npmjs.org/bcrypt-nodejs/-/bcrypt-nodejs-0.0.3.tgz
362 silly lockFile dd840248-t-nodejs-bcrypt-nodejs-0-0-3-tgz https://registry.npmjs.org/bcrypt-nodejs/-/bcrypt-nodejs-0.0.3.tgz
363 silly lockFile 30db234c-bcrypt-nodejs-0-0-3 bcrypt-nodejs@0.0.3
364 silly lockFile 30db234c-bcrypt-nodejs-0-0-3 bcrypt-nodejs@0.0.3
365 silly lockFile 8a2c73f6-bcrypt-nodejs-latest bcrypt-nodejs@latest
366 silly lockFile 8a2c73f6-bcrypt-nodejs-latest bcrypt-nodejs@latest
367 http 304 https://registry.npmjs.org/passport-google-oauth
368 silly registry.get cb [ 304,
368 silly registry.get   { date: 'Fri, 07 Nov 2014 05:10:46 GMT',
368 silly registry.get     server: 'Apache',
368 silly registry.get     via: '1.1 varnish',
368 silly registry.get     'last-modified': 'Fri, 07 Nov 2014 05:10:46 GMT',
368 silly registry.get     'cache-control': 'max-age=60',
368 silly registry.get     etag: '"CNH1HR2EP7JOPTNOKQR95WBCR"',
368 silly registry.get     age: '0',
368 silly registry.get     'x-served-by': 'cache-ord1735-ORD',
368 silly registry.get     'x-cache': 'HIT',
368 silly registry.get     'x-cache-hits': '1',
368 silly registry.get     'x-timer': 'S1415337046.916413,VS0,VE61',
368 silly registry.get     vary: 'Accept',
368 silly registry.get     'content-length': '0',
368 silly registry.get     'keep-alive': 'timeout=10, max=49',
368 silly registry.get     connection: 'Keep-Alive' } ]
369 verbose etag https://registry.npmjs.org/passport-google-oauth from cache
370 http 304 https://registry.npmjs.org/mongoose
371 silly registry.get cb [ 304,
371 silly registry.get   { date: 'Fri, 07 Nov 2014 05:10:46 GMT',
371 silly registry.get     server: 'Apache',
371 silly registry.get     via: '1.1 varnish',
371 silly registry.get     'last-modified': 'Fri, 07 Nov 2014 05:10:46 GMT',
371 silly registry.get     'cache-control': 'max-age=60',
371 silly registry.get     etag: '"4NI9W5XYPIMVL4M3AVTF6GMN7"',
371 silly registry.get     age: '0',
371 silly registry.get     'x-served-by': 'cache-ord1734-ORD',
371 silly registry.get     'x-cache': 'HIT',
371 silly registry.get     'x-cache-hits': '1',
371 silly registry.get     'x-timer': 'S1415337046.836769,VS0,VE147',
371 silly registry.get     vary: 'Accept',
371 silly registry.get     'content-length': '0',
371 silly registry.get     'keep-alive': 'timeout=10, max=49',
371 silly registry.get     connection: 'Keep-Alive' } ]
372 verbose etag https://registry.npmjs.org/mongoose from cache
373 silly addNameRange number 2 { name: 'passport-google-oauth',
373 silly addNameRange   range: '>=0.1.5-0 <0.2.0-0',
373 silly addNameRange   hasData: true }
374 silly addNameRange versions [ 'passport-google-oauth',
374 silly addNameRange   [ '0.1.0', '0.1.1', '0.1.2', '0.1.3', '0.1.4', '0.1.5' ] ]
375 verbose addNamed [ 'passport-google-oauth', '0.1.5' ]
376 verbose addNamed [ '0.1.5', '0.1.5' ]
377 silly lockFile 3fbba456-passport-google-oauth-0-1-5 passport-google-oauth@0.1.5
378 verbose lock passport-google-oauth@0.1.5 /Users/sam/.npm/3fbba456-passport-google-oauth-0-1-5.lock
379 silly addNameRange number 2 { name: 'mongoose', range: '>=3.8.1-0 <3.9.0-0', hasData: true }
380 silly addNameRange versions [ 'mongoose',
380 silly addNameRange   [ '0.0.1',
380 silly addNameRange     '0.0.2',
380 silly addNameRange     '0.0.3',
380 silly addNameRange     '0.0.4',
380 silly addNameRange     '0.0.5',
380 silly addNameRange     '1.0.0',
380 silly addNameRange     '1.0.1',
380 silly addNameRange     '1.0.2',
380 silly addNameRange     '0.0.6',
380 silly addNameRange     '1.0.3',
380 silly addNameRange     '1.0.4',
380 silly addNameRange     '1.0.5',
380 silly addNameRange     '1.0.6',
380 silly addNameRange     '1.0.7',
380 silly addNameRange     '1.0.8',
380 silly addNameRange     '1.0.10',
380 silly addNameRange     '1.0.11',
380 silly addNameRange     '1.0.12',
380 silly addNameRange     '1.0.13',
380 silly addNameRange     '1.0.14',
380 silly addNameRange     '1.0.15',
380 silly addNameRange     '1.0.16',
380 silly addNameRange     '1.1.0',
380 silly addNameRange     '1.1.1',
380 silly addNameRange     '1.1.2',
380 silly addNameRange     '1.1.3',
380 silly addNameRange     '1.1.4',
380 silly addNameRange     '1.1.5',
380 silly addNameRange     '1.1.6',
380 silly addNameRange     '1.1.7',
380 silly addNameRange     '1.1.8',
380 silly addNameRange     '1.1.9',
380 silly addNameRange     '1.1.10',
380 silly addNameRange     '1.1.11',
380 silly addNameRange     '1.1.12',
380 silly addNameRange     '1.1.13',
380 silly addNameRange     '1.1.14',
380 silly addNameRange     '1.1.15',
380 silly addNameRange     '1.1.16',
380 silly addNameRange     '1.1.17',
380 silly addNameRange     '1.1.18',
380 silly addNameRange     '1.1.19',
380 silly addNameRange     '1.1.20',
380 silly addNameRange     '1.1.21',
380 silly addNameRange     '1.1.22',
380 silly addNameRange     '1.1.23',
380 silly addNameRange     '1.1.24',
380 silly addNameRange     '1.1.25',
380 silly addNameRange     '1.2.0',
380 silly addNameRange     '1.3.0',
380 silly addNameRange     '1.3.1',
380 silly addNameRange     '1.3.2',
380 silly addNameRange     '1.3.3',
380 silly addNameRange     '1.3.4',
380 silly addNameRange     '1.3.5',
380 silly addNameRange     '1.3.6',
380 silly addNameRange     '1.3.7',
380 silly addNameRange     '1.4.0',
380 silly addNameRange     '1.5.0',
380 silly addNameRange     '1.6.0',
380 silly addNameRange     '1.7.2',
380 silly addNameRange     '1.7.3',
380 silly addNameRange     '1.7.4',
380 silly addNameRange     '1.8.0',
380 silly addNameRange     '1.8.1',
380 silly addNameRange     '1.8.2',
380 silly addNameRange     '1.8.3',
380 silly addNameRange     '1.8.4',
380 silly addNameRange     '2.0.0',
380 silly addNameRange     '2.0.1',
380 silly addNameRange     '2.0.2',
380 silly addNameRange     '2.0.3',
380 silly addNameRange     '2.0.4',
380 silly addNameRange     '2.1.0',
380 silly addNameRange     '2.1.1',
380 silly addNameRange     '2.1.2',
380 silly addNameRange     '2.1.3',
380 silly addNameRange     '2.1.4',
380 silly addNameRange     '2.2.0',
380 silly addNameRange     '2.2.1',
380 silly addNameRange     '2.2.2',
380 silly addNameRange     '2.2.3',
380 silly addNameRange     '2.2.4',
380 silly addNameRange     '2.3.0',
380 silly addNameRange     '2.3.1',
380 silly addNameRange     '2.3.2',
380 silly addNameRange     '2.3.3',
380 silly addNameRange     '2.3.4',
380 silly addNameRange     '2.3.5',
380 silly addNameRange     '2.3.6',
380 silly addNameRange     '2.3.7',
380 silly addNameRange     '2.3.8',
380 silly addNameRange     '2.3.9',
380 silly addNameRange     '2.3.10',
380 silly addNameRange     '2.3.11',
380 silly addNameRange     '2.3.12',
380 silly addNameRange     '2.3.13',
380 silly addNameRange     '2.4.0',
380 silly addNameRange     '2.4.1',
380 silly addNameRange     '2.4.2',
380 silly addNameRange     '2.4.3',
380 silly addNameRange     '2.4.4',
380 silly addNameRange     '2.4.5',
380 silly addNameRange     '2.4.6',
380 silly addNameRange     '2.4.7',
380 silly addNameRange     '2.4.8',
380 silly addNameRange     '2.4.9',
380 silly addNameRange     '2.4.10',
380 silly addNameRange     '2.5.0',
380 silly addNameRange     '2.5.1',
380 silly addNameRange     '2.5.2',
380 silly addNameRange     '2.5.3',
380 silly addNameRange     '2.5.4',
380 silly addNameRange     '2.5.5',
380 silly addNameRange     '2.5.6',
380 silly addNameRange     '2.5.7',
380 silly addNameRange     '2.5.8',
380 silly addNameRange     '2.5.9',
380 silly addNameRange     '2.5.10',
380 silly addNameRange     '2.5.11',
380 silly addNameRange     '2.5.12',
380 silly addNameRange     '2.5.13',
380 silly addNameRange     '2.5.14',
380 silly addNameRange     '2.6.0',
380 silly addNameRange     '2.6.1',
380 silly addNameRange     '2.6.2',
380 silly addNameRange     '2.6.3',
380 silly addNameRange     '2.6.4',
380 silly addNameRange     '2.6.5',
380 silly addNameRange     '2.6.6',
380 silly addNameRange     '2.6.7',
380 silly addNameRange     '2.6.8',
380 silly addNameRange     '2.7.0',
380 silly addNameRange     '2.7.1',
380 silly addNameRange     '2.7.2',
380 silly addNameRange     '2.7.4',
380 silly addNameRange     '2.7.3',
380 silly addNameRange     '3.0.0',
380 silly addNameRange     '3.0.1',
380 silly addNameRange     '3.0.2',
380 silly addNameRange     '2.8.0',
380 silly addNameRange     '3.0.3',
380 silly addNameRange     '3.1.0',
380 silly addNameRange     '2.8.1',
380 silly addNameRange     '3.1.1',
380 silly addNameRange     '2.8.2',
380 silly addNameRange     '2.8.3',
380 silly addNameRange     '2.9.0',
380 silly addNameRange     '3.2.0',
380 silly addNameRange     '2.9.1',
380 silly addNameRange     '3.2.1',
380 silly addNameRange     '2.9.2',
380 silly addNameRange     '3.2.2',
380 silly addNameRange     '3.3.0',
380 silly addNameRange     '3.3.1',
380 silly addNameRange     '2.9.3',
380 silly addNameRange     '3.4.0',
380 silly addNameRange     '2.9.4',
380 silly addNameRange     '2.9.5',
380 silly addNameRange     '3.5.0',
380 silly addNameRange     '3.5.1',
380 silly addNameRange     '3.5.2',
380 silly addNameRange     '3.5.3',
380 silly addNameRange     '2.9.6',
380 silly addNameRange     '2.9.7',
380 silly addNameRange     '3.5.4',
380 silly addNameRange     '3.5.5',
380 silly addNameRange     '2.9.8',
380 silly addNameRange     '2.9.9',
380 silly addNameRange     '3.5.6',
380 silly addNameRange     '3.5.7',
380 silly addNameRange     '3.5.8',
380 silly addNameRange     '2.9.10',
380 silly addNameRange     '3.5.9',
380 silly addNameRange     '3.6.2',
380 silly addNameRange     '3.5.10',
380 silly addNameRange     '3.6.3',
380 silly addNameRange     '3.5.11',
380 silly addNameRange     '3.6.4',
380 silly addNameRange     '3.6.5',
380 silly addNameRange     '3.6.6',
380 silly addNameRange     '3.6.7',
380 silly addNameRange     '3.5.12',
380 silly addNameRange     '3.6.8',
380 silly addNameRange     '3.6.9',
380 silly addNameRange     '3.6.10',
380 silly addNameRange     '3.5.13',
380 silly addNameRange     '3.5.14',
380 silly addNameRange     '3.6.11',
380 silly addNameRange     '3.6.12',
380 silly addNameRange     '3.6.13',
380 silly addNameRange     '3.6.14',
380 silly addNameRange     '3.6.15',
380 silly addNameRange     '3.5.15',
380 silly addNameRange     '3.7.0',
380 silly addNameRange     '3.6.16',
380 silly addNameRange     '3.5.16',
380 silly addNameRange     '3.6.17',
380 silly addNameRange     '3.7.2',
380 silly addNameRange     '3.0.0-alpha1',
380 silly addNameRange     '3.0.0-alpha2',
380 silly addNameRange     '3.0.0-rc0',
380 silly addNameRange     '3.6.0-rc0',
380 silly addNameRange     '3.6.0-rc1',
380 silly addNameRange     '3.6.18',
380 silly addNameRange     '3.7.3',
380 silly addNameRange     '3.6.19',
380 silly addNameRange     '3.6.20',
380 silly addNameRange     '3.7.4',
380 silly addNameRange     '3.8.0',
380 silly addNameRange     '3.8.1',
380 silly addNameRange     '3.8.2',
380 silly addNameRange     '3.8.3',
380 silly addNameRange     '3.8.4',
380 silly addNameRange     '3.8.5',
380 silly addNameRange     '3.8.6',
380 silly addNameRange     '3.8.7',
380 silly addNameRange     '3.8.8',
380 silly addNameRange     '3.8.9',
380 silly addNameRange     '3.8.10',
380 silly addNameRange     '3.8.11',
380 silly addNameRange     '3.9.0',
380 silly addNameRange     '3.8.12',
380 silly addNameRange     '3.8.13',
380 silly addNameRange     '3.8.14',
380 silly addNameRange     '3.8.15',
380 silly addNameRange     '3.9.1',
380 silly addNameRange     '3.8.16',
380 silly addNameRange     '3.9.2',
380 silly addNameRange     '3.8.17',
380 silly addNameRange     '3.9.3',
380 silly addNameRange     '3.8.18',
380 silly addNameRange     '3.9.4' ] ]
381 verbose addNamed [ 'mongoose', '3.8.18' ]
382 verbose addNamed [ '3.8.18', '3.8.18' ]
383 silly lockFile bce763e9-mongoose-3-8-18 mongoose@3.8.18
384 verbose lock mongoose@3.8.18 /Users/sam/.npm/bce763e9-mongoose-3-8-18.lock
385 silly lockFile 3fbba456-passport-google-oauth-0-1-5 passport-google-oauth@0.1.5
386 silly lockFile 3fbba456-passport-google-oauth-0-1-5 passport-google-oauth@0.1.5
387 silly lockFile 8b7f1422-passport-google-oauth-0-1-5 passport-google-oauth@~0.1.5
388 silly lockFile 8b7f1422-passport-google-oauth-0-1-5 passport-google-oauth@~0.1.5
389 silly lockFile bce763e9-mongoose-3-8-18 mongoose@3.8.18
390 silly lockFile bce763e9-mongoose-3-8-18 mongoose@3.8.18
391 silly lockFile e71eb4f1-mongoose-3-8-1 mongoose@~3.8.1
392 silly lockFile e71eb4f1-mongoose-3-8-1 mongoose@~3.8.1
393 http 200 https://registry.npmjs.org/passport-local/-/passport-local-0.1.6.tgz
394 http 304 https://registry.npmjs.org/ejs
395 silly registry.get cb [ 304,
395 silly registry.get   { date: 'Fri, 07 Nov 2014 05:10:46 GMT',
395 silly registry.get     server: 'Apache',
395 silly registry.get     via: '1.1 varnish',
395 silly registry.get     'last-modified': 'Fri, 07 Nov 2014 05:10:47 GMT',
395 silly registry.get     'cache-control': 'max-age=60',
395 silly registry.get     etag: '"15TJWYSPTT04PG8RFMKMQ8233"',
395 silly registry.get     age: '0',
395 silly registry.get     'x-served-by': 'cache-ord1723-ORD',
395 silly registry.get     'x-cache': 'HIT',
395 silly registry.get     'x-cache-hits': '1',
395 silly registry.get     'x-timer': 'S1415337046.751239,VS0,VE264',
395 silly registry.get     vary: 'Accept',
395 silly registry.get     'content-length': '0',
395 silly registry.get     'keep-alive': 'timeout=10, max=50',
395 silly registry.get     connection: 'Keep-Alive' } ]
396 verbose etag https://registry.npmjs.org/ejs from cache
397 silly addNameRange number 2 { name: 'ejs', range: '>=0.8.5-0 <0.9.0-0', hasData: true }
398 silly addNameRange versions [ 'ejs',
398 silly addNameRange   [ '0.0.1',
398 silly addNameRange     '0.0.2',
398 silly addNameRange     '0.0.3',
398 silly addNameRange     '0.0.4',
398 silly addNameRange     '0.1.0',
398 silly addNameRange     '0.2.0',
398 silly addNameRange     '0.2.1',
398 silly addNameRange     '0.3.0',
398 silly addNameRange     '0.3.1',
398 silly addNameRange     '0.4.0',
398 silly addNameRange     '0.4.1',
398 silly addNameRange     '0.4.2',
398 silly addNameRange     '0.4.3',
398 silly addNameRange     '0.5.0',
398 silly addNameRange     '0.6.0',
398 silly addNameRange     '0.6.1',
398 silly addNameRange     '0.7.0',
398 silly addNameRange     '0.7.1',
398 silly addNameRange     '0.7.2',
398 silly addNameRange     '0.8.0',
398 silly addNameRange     '0.8.1',
398 silly addNameRange     '0.8.2',
398 silly addNameRange     '0.8.3',
398 silly addNameRange     '0.8.4',
398 silly addNameRange     '0.8.5',
398 silly addNameRange     '0.8.6',
398 silly addNameRange     '0.8.8',
398 silly addNameRange     '1.0.0' ] ]
399 verbose addNamed [ 'ejs', '0.8.8' ]
400 verbose addNamed [ '0.8.8', '0.8.8' ]
401 silly lockFile 37d7c450-ejs-0-8-8 ejs@0.8.8
402 verbose lock ejs@0.8.8 /Users/sam/.npm/37d7c450-ejs-0-8-8.lock
403 silly lockFile fe15f6d0-t-local-passport-local-0-1-6-tgz https://registry.npmjs.org/passport-local/-/passport-local-0.1.6.tgz
404 silly lockFile fe15f6d0-t-local-passport-local-0-1-6-tgz https://registry.npmjs.org/passport-local/-/passport-local-0.1.6.tgz
405 silly lockFile 91e070c6-passport-local-0-1-6 passport-local@0.1.6
406 silly lockFile 91e070c6-passport-local-0-1-6 passport-local@0.1.6
407 silly lockFile 1de19954-passport-local-0-1-6 passport-local@~0.1.6
408 silly lockFile 1de19954-passport-local-0-1-6 passport-local@~0.1.6
409 http 304 https://registry.npmjs.org/express
410 silly registry.get cb [ 304,
410 silly registry.get   { date: 'Fri, 07 Nov 2014 05:10:46 GMT',
410 silly registry.get     server: 'Apache',
410 silly registry.get     via: '1.1 varnish',
410 silly registry.get     'last-modified': 'Fri, 07 Nov 2014 05:10:47 GMT',
410 silly registry.get     'cache-control': 'max-age=60',
410 silly registry.get     etag: '"83H3CG151JZG85DS656IHITA"',
410 silly registry.get     age: '0',
410 silly registry.get     'x-served-by': 'cache-ord1724-ORD',
410 silly registry.get     'x-cache': 'HIT',
410 silly registry.get     'x-cache-hits': '1',
410 silly registry.get     'x-timer': 'S1415337046.755286,VS0,VE274',
410 silly registry.get     vary: 'Accept',
410 silly registry.get     'content-length': '0',
410 silly registry.get     'keep-alive': 'timeout=10, max=50',
410 silly registry.get     connection: 'Keep-Alive' } ]
411 verbose etag https://registry.npmjs.org/express from cache
412 silly lockFile 37d7c450-ejs-0-8-8 ejs@0.8.8
413 silly lockFile 37d7c450-ejs-0-8-8 ejs@0.8.8
414 silly lockFile 05610aaa-ejs-0-8-5 ejs@~0.8.5
415 silly lockFile 05610aaa-ejs-0-8-5 ejs@~0.8.5
416 silly addNameRange number 2 { name: 'express', range: '>=4.0.0-0 <4.1.0-0', hasData: true }
417 silly addNameRange versions [ 'express',
417 silly addNameRange   [ '0.14.0',
417 silly addNameRange     '0.14.1',
417 silly addNameRange     '1.0.0',
417 silly addNameRange     '1.0.1',
417 silly addNameRange     '1.0.2',
417 silly addNameRange     '1.0.3',
417 silly addNameRange     '1.0.4',
417 silly addNameRange     '1.0.5',
417 silly addNameRange     '1.0.6',
417 silly addNameRange     '1.0.7',
417 silly addNameRange     '1.0.8',
417 silly addNameRange     '2.0.0',
417 silly addNameRange     '2.1.0',
417 silly addNameRange     '2.1.1',
417 silly addNameRange     '2.2.0',
417 silly addNameRange     '2.2.1',
417 silly addNameRange     '2.2.2',
417 silly addNameRange     '2.3.0',
417 silly addNameRange     '2.3.1',
417 silly addNameRange     '2.3.2',
417 silly addNameRange     '2.3.3',
417 silly addNameRange     '2.3.4',
417 silly addNameRange     '2.3.5',
417 silly addNameRange     '2.3.6',
417 silly addNameRange     '2.3.7',
417 silly addNameRange     '2.3.8',
417 silly addNameRange     '2.3.9',
417 silly addNameRange     '2.3.10',
417 silly addNameRange     '2.3.11',
417 silly addNameRange     '2.3.12',
417 silly addNameRange     '2.4.0',
417 silly addNameRange     '2.4.1',
417 silly addNameRange     '2.4.2',
417 silly addNameRange     '2.4.3',
417 silly addNameRange     '2.4.4',
417 silly addNameRange     '2.4.5',
417 silly addNameRange     '2.4.6',
417 silly addNameRange     '2.4.7',
417 silly addNameRange     '2.5.0',
417 silly addNameRange     '2.5.1',
417 silly addNameRange     '2.5.2',
417 silly addNameRange     '2.5.3',
417 silly addNameRange     '2.5.4',
417 silly addNameRange     '2.5.5',
417 silly addNameRange     '2.5.6',
417 silly addNameRange     '2.5.7',
417 silly addNameRange     '2.5.8',
417 silly addNameRange     '2.5.9',
417 silly addNameRange     '2.5.10',
417 silly addNameRange     '2.5.11',
417 silly addNameRange     '3.0.0',
417 silly addNameRange     '3.0.1',
417 silly addNameRange     '3.0.2',
417 silly addNameRange     '3.0.3',
417 silly addNameRange     '3.0.4',
417 silly addNameRange     '3.0.5',
417 silly addNameRange     '3.0.6',
417 silly addNameRange     '3.1.0',
417 silly addNameRange     '3.1.1',
417 silly addNameRange     '3.1.2',
417 silly addNameRange     '3.2.0',
417 silly addNameRange     '3.2.1',
417 silly addNameRange     '3.2.2',
417 silly addNameRange     '3.2.3',
417 silly addNameRange     '3.2.4',
417 silly addNameRange     '3.2.5',
417 silly addNameRange     '3.2.6',
417 silly addNameRange     '3.3.0',
417 silly addNameRange     '3.3.1',
417 silly addNameRange     '3.3.2',
417 silly addNameRange     '3.3.3',
417 silly addNameRange     '3.3.4',
417 silly addNameRange     '3.3.5',
417 silly addNameRange     '3.3.6',
417 silly addNameRange     '1.0.0-beta',
417 silly addNameRange     '1.0.0-beta2',
417 silly addNameRange     '1.0.0-rc',
417 silly addNameRange     '1.0.0-rc2',
417 silly addNameRange     '1.0.0-rc3',
417 silly addNameRange     '1.0.0-rc4',
417 silly addNameRange     '2.0.0-beta',
417 silly addNameRange     '2.0.0-beta2',
417 silly addNameRange     '2.0.0-beta3',
417 silly addNameRange     '2.0.0-rc',
417 silly addNameRange     '2.0.0-rc2',
417 silly addNameRange     '2.0.0-rc3',
417 silly addNameRange     '3.0.0-alpha1',
417 silly addNameRange     '3.0.0-alpha2',
417 silly addNameRange     '3.0.0-alpha3',
417 silly addNameRange     '3.0.0-alpha4',
417 silly addNameRange     '3.0.0-alpha5',
417 silly addNameRange     '3.0.0-beta1',
417 silly addNameRange     '3.0.0-beta2',
417 silly addNameRange     '3.0.0-beta3',
417 silly addNameRange     '3.0.0-beta4',
417 silly addNameRange     '3.0.0-beta6',
417 silly addNameRange     '3.0.0-beta7',
417 silly addNameRange     '3.0.0-rc1',
417 silly addNameRange     '3.0.0-rc2',
417 silly addNameRange     '3.0.0-rc3',
417 silly addNameRange     '3.0.0-rc4',
417 silly addNameRange     '3.0.0-rc5',
417 silly addNameRange     '3.3.7',
417 silly addNameRange     '3.3.8',
417 silly addNameRange     '3.4.0',
417 silly addNameRange     '3.4.1',
417 silly addNameRange     '3.4.2',
417 silly addNameRange     '3.4.3',
417 silly addNameRange     '3.4.4',
417 silly addNameRange     '3.4.5',
417 silly addNameRange     '3.4.6',
417 silly addNameRange     '3.4.7',
417 silly addNameRange     '3.4.8',
417 silly addNameRange     '4.0.0-rc1',
417 silly addNameRange     '4.0.0-rc2',
417 silly addNameRange     '3.5.0',
417 silly addNameRange     '4.0.0-rc3',
417 silly addNameRange     '4.0.0-rc4',
417 silly addNameRange     '3.5.1',
417 silly addNameRange     '4.0.0',
417 silly addNameRange     '3.5.2',
417 silly addNameRange     '4.1.0',
417 silly addNameRange     '4.1.1',
417 silly addNameRange     '3.5.3',
417 silly addNameRange     '4.1.2',
417 silly addNameRange     '3.6.0',
417 silly addNameRange     '4.2.0',
417 silly addNameRange     '3.7.0',
417 silly addNameRange     '3.8.0',
417 silly addNameRange     '4.3.0',
417 silly addNameRange     '4.3.1',
417 silly addNameRange     '3.8.1',
417 silly addNameRange     '4.3.2',
417 silly addNameRange     '3.9.0',
417 silly addNameRange     '4.4.0',
417 silly addNameRange     '4.4.1',
417 silly addNameRange     '3.10.0',
417 silly addNameRange     '3.10.1',
417 silly addNameRange     '3.10.2',
417 silly addNameRange     '3.10.3',
417 silly addNameRange     '3.10.4',
417 silly addNameRange     '4.4.2',
417 silly addNameRange     '3.10.5',
417 silly addNameRange     '4.4.3',
417 silly addNameRange     '3.11.0',
417 silly addNameRange     '4.4.4',
417 silly addNameRange     '3.12.0',
417 silly addNameRange     '3.12.1',
417 silly addNameRange     '4.4.5',
417 silly addNameRange     '3.13.0',
417 silly addNameRange     '4.5.0',
417 silly addNameRange     '4.5.1',
417 silly addNameRange     '3.14.0',
417 silly addNameRange     '4.6.0',
417 silly addNameRange     '4.6.1',
417 silly addNameRange     '3.15.0',
417 silly addNameRange     '4.7.0',
417 silly addNameRange     '3.15.1',
417 silly addNameRange     '4.7.1',
417 silly addNameRange     '3.15.2',
417 silly addNameRange     '4.7.2',
417 silly addNameRange     '4.7.3',
417 silly addNameRange     '3.15.3',
417 silly addNameRange     '4.7.4',
417 silly addNameRange     '3.16.0',
417 silly addNameRange     '4.8.0',
417 silly addNameRange     '3.16.1',
417 silly addNameRange     '4.8.1',
417 silly addNameRange     '3.16.2',
417 silly addNameRange     '4.8.2',
417 silly addNameRange     '3.16.3',
417 silly addNameRange     '3.16.4',
417 silly addNameRange     '4.8.3',
417 silly addNameRange     '3.16.5',
417 silly addNameRange     '3.16.6',
417 silly addNameRange     '4.8.4',
417 silly addNameRange     '3.16.7',
417 silly addNameRange     '4.8.5',
417 silly addNameRange     '3.16.8',
417 silly addNameRange     '4.8.6',
417 silly addNameRange     '3.16.9',
417 silly addNameRange     '4.8.7',
417 silly addNameRange     '3.16.10',
417 silly addNameRange     '4.8.8',
417 silly addNameRange     '3.17.0',
417 silly addNameRange     '3.17.1',
417 silly addNameRange     '4.9.0',
417 silly addNameRange     '3.17.2',
417 silly addNameRange     '4.9.1',
417 silly addNameRange     '4.9.2',
417 silly addNameRange     '3.17.3',
417 silly addNameRange     '4.9.3',
417 silly addNameRange     '3.17.4',
417 silly addNameRange     '4.9.4',
417 silly addNameRange     '3.17.5',
417 silly addNameRange     '4.9.5',
417 silly addNameRange     '3.17.6',
417 silly addNameRange     '3.17.7',
417 silly addNameRange     '4.9.6',
417 silly addNameRange     '4.9.7',
417 silly addNameRange     '3.17.8',
417 silly addNameRange     '4.9.8',
417 silly addNameRange     '3.18.0',
417 silly addNameRange     '3.18.1',
417 silly addNameRange     '4.10.0',
417 silly addNameRange     '3.18.2',
417 silly addNameRange     '4.10.1',
417 silly addNameRange     '5.0.0-alpha.1' ] ]
418 verbose addNamed [ 'express', '4.0.0' ]
419 verbose addNamed [ '4.0.0', '4.0.0' ]
420 silly lockFile 5b69df19-express-4-0-0 express@4.0.0
421 verbose lock express@4.0.0 /Users/sam/.npm/5b69df19-express-4-0-0.lock
422 http 304 https://registry.npmjs.org/cookie-parser
423 silly registry.get cb [ 304,
423 silly registry.get   { date: 'Fri, 07 Nov 2014 05:10:47 GMT',
423 silly registry.get     server: 'Apache',
423 silly registry.get     via: '1.1 varnish',
423 silly registry.get     'last-modified': 'Fri, 07 Nov 2014 05:10:47 GMT',
423 silly registry.get     'cache-control': 'max-age=60',
423 silly registry.get     etag: '"D2I21Z55J0M83YHA636O1DW9K"',
423 silly registry.get     age: '0',
423 silly registry.get     'x-served-by': 'cache-ord1723-ORD',
423 silly registry.get     'x-cache': 'HIT',
423 silly registry.get     'x-cache-hits': '1',
423 silly registry.get     'x-timer': 'S1415337047.022637,VS0,VE32',
423 silly registry.get     vary: 'Accept',
423 silly registry.get     'content-length': '0',
423 silly registry.get     'keep-alive': 'timeout=10, max=49',
423 silly registry.get     connection: 'Keep-Alive' } ]
424 verbose etag https://registry.npmjs.org/cookie-parser from cache
425 http 304 https://registry.npmjs.org/connect-flash
426 silly registry.get cb [ 304,
426 silly registry.get   { date: 'Fri, 07 Nov 2014 05:10:46 GMT',
426 silly registry.get     server: 'Apache',
426 silly registry.get     via: '1.1 varnish',
426 silly registry.get     'last-modified': 'Fri, 07 Nov 2014 05:10:47 GMT',
426 silly registry.get     'cache-control': 'max-age=60',
426 silly registry.get     etag: '"ED07EJNAT4KLQW8ACS7ODHD0Y"',
426 silly registry.get     age: '0',
426 silly registry.get     'x-served-by': 'cache-ord1735-ORD',
426 silly registry.get     'x-cache': 'HIT',
426 silly registry.get     'x-cache-hits': '1',
426 silly registry.get     'x-timer': 'S1415337046.918415,VS0,VE145',
426 silly registry.get     vary: 'Accept',
426 silly registry.get     'content-length': '0',
426 silly registry.get     'keep-alive': 'timeout=10, max=47',
426 silly registry.get     connection: 'Keep-Alive' } ]
427 verbose etag https://registry.npmjs.org/connect-flash from cache
428 silly addNameRange number 2 { name: 'cookie-parser',
428 silly addNameRange   range: '>=1.0.0-0 <1.1.0-0',
428 silly addNameRange   hasData: true }
429 silly addNameRange versions [ 'cookie-parser',
429 silly addNameRange   [ '1.0.0',
429 silly addNameRange     '1.0.1',
429 silly addNameRange     '1.1.0',
429 silly addNameRange     '1.2.0',
429 silly addNameRange     '1.3.0',
429 silly addNameRange     '1.3.1',
429 silly addNameRange     '1.3.2',
429 silly addNameRange     '1.3.3' ] ]
430 verbose addNamed [ 'cookie-parser', '1.0.1' ]
431 verbose addNamed [ '1.0.1', '1.0.1' ]
432 silly lockFile 8d245ba8-cookie-parser-1-0-1 cookie-parser@1.0.1
433 verbose lock cookie-parser@1.0.1 /Users/sam/.npm/8d245ba8-cookie-parser-1-0-1.lock
434 silly addNameRange number 2 { name: 'connect-flash',
434 silly addNameRange   range: '>=0.1.1-0 <0.2.0-0',
434 silly addNameRange   hasData: true }
435 silly addNameRange versions [ 'connect-flash', [ '0.1.0', '0.1.1' ] ]
436 verbose addNamed [ 'connect-flash', '0.1.1' ]
437 verbose addNamed [ '0.1.1', '0.1.1' ]
438 silly lockFile 0cdf4f98-connect-flash-0-1-1 connect-flash@0.1.1
439 verbose lock connect-flash@0.1.1 /Users/sam/.npm/0cdf4f98-connect-flash-0-1-1.lock
440 silly lockFile 5b69df19-express-4-0-0 express@4.0.0
441 silly lockFile 5b69df19-express-4-0-0 express@4.0.0
442 silly lockFile 9dcfb469-express-4-0-0 express@~4.0.0
443 silly lockFile 9dcfb469-express-4-0-0 express@~4.0.0
444 silly lockFile 0cdf4f98-connect-flash-0-1-1 connect-flash@0.1.1
445 silly lockFile 0cdf4f98-connect-flash-0-1-1 connect-flash@0.1.1
446 silly lockFile 8d245ba8-cookie-parser-1-0-1 cookie-parser@1.0.1
447 silly lockFile 8d245ba8-cookie-parser-1-0-1 cookie-parser@1.0.1
448 silly lockFile be0530b2-connect-flash-0-1-1 connect-flash@~0.1.1
449 silly lockFile be0530b2-connect-flash-0-1-1 connect-flash@~0.1.1
450 silly lockFile ac30e20f-cookie-parser-1-0-0 cookie-parser@~1.0.0
451 silly lockFile ac30e20f-cookie-parser-1-0-0 cookie-parser@~1.0.0
452 http 304 https://registry.npmjs.org/body-parser
453 silly registry.get cb [ 304,
453 silly registry.get   { date: 'Fri, 07 Nov 2014 05:10:47 GMT',
453 silly registry.get     server: 'Apache',
453 silly registry.get     via: '1.1 varnish',
453 silly registry.get     'last-modified': 'Fri, 07 Nov 2014 05:10:47 GMT',
453 silly registry.get     'cache-control': 'max-age=60',
453 silly registry.get     etag: '"31NOWALYE5KS8CUXXM9FZZM0H"',
453 silly registry.get     age: '0',
453 silly registry.get     'x-served-by': 'cache-ord1723-ORD',
453 silly registry.get     'x-cache': 'HIT',
453 silly registry.get     'x-cache-hits': '1',
453 silly registry.get     'x-timer': 'S1415337047.072065,VS0,VE33',
453 silly registry.get     vary: 'Accept',
453 silly registry.get     'content-length': '0',
453 silly registry.get     'keep-alive': 'timeout=10, max=48',
453 silly registry.get     connection: 'Keep-Alive' } ]
454 verbose etag https://registry.npmjs.org/body-parser from cache
455 silly addNameRange number 2 { name: 'body-parser',
455 silly addNameRange   range: '>=1.0.0-0 <1.1.0-0',
455 silly addNameRange   hasData: true }
456 silly addNameRange versions [ 'body-parser',
456 silly addNameRange   [ '1.0.0',
456 silly addNameRange     '1.0.1',
456 silly addNameRange     '1.0.2',
456 silly addNameRange     '1.1.0',
456 silly addNameRange     '1.1.1',
456 silly addNameRange     '1.1.2',
456 silly addNameRange     '1.2.0',
456 silly addNameRange     '1.2.1',
456 silly addNameRange     '1.2.2',
456 silly addNameRange     '1.3.0',
456 silly addNameRange     '1.3.1',
456 silly addNameRange     '1.4.0',
456 silly addNameRange     '1.4.1',
456 silly addNameRange     '1.4.2',
456 silly addNameRange     '1.4.3',
456 silly addNameRange     '1.5.0',
456 silly addNameRange     '1.5.1',
456 silly addNameRange     '1.5.2',
456 silly addNameRange     '1.6.0',
456 silly addNameRange     '1.6.1',
456 silly addNameRange     '1.6.2',
456 silly addNameRange     '1.6.3',
456 silly addNameRange     '1.6.4',
456 silly addNameRange     '1.6.5',
456 silly addNameRange     '1.6.6',
456 silly addNameRange     '1.6.7',
456 silly addNameRange     '1.7.0',
456 silly addNameRange     '1.8.0',
456 silly addNameRange     '1.8.1',
456 silly addNameRange     '1.8.2',
456 silly addNameRange     '1.8.3',
456 silly addNameRange     '1.8.4',
456 silly addNameRange     '1.9.0',
456 silly addNameRange     '1.9.1',
456 silly addNameRange     '1.9.2' ] ]
457 verbose addNamed [ 'body-parser', '1.0.2' ]
458 verbose addNamed [ '1.0.2', '1.0.2' ]
459 silly lockFile bc6ccf3b-body-parser-1-0-2 body-parser@1.0.2
460 verbose lock body-parser@1.0.2 /Users/sam/.npm/bc6ccf3b-body-parser-1-0-2.lock
461 silly lockFile bc6ccf3b-body-parser-1-0-2 body-parser@1.0.2
462 silly lockFile bc6ccf3b-body-parser-1-0-2 body-parser@1.0.2
463 silly lockFile 9ca6d1f0-body-parser-1-0-0 body-parser@~1.0.0
464 silly lockFile 9ca6d1f0-body-parser-1-0-0 body-parser@~1.0.0
465 http 304 https://registry.npmjs.org/method-override
466 silly registry.get cb [ 304,
466 silly registry.get   { date: 'Fri, 07 Nov 2014 05:10:46 GMT',
466 silly registry.get     server: 'Apache',
466 silly registry.get     via: '1.1 varnish',
466 silly registry.get     'last-modified': 'Fri, 07 Nov 2014 05:10:47 GMT',
466 silly registry.get     'cache-control': 'max-age=60',
466 silly registry.get     etag: '"ARSLRG3HPV6L40NZ27OSUG5GE"',
466 silly registry.get     age: '0',
466 silly registry.get     'x-served-by': 'cache-ord1734-ORD',
466 silly registry.get     'x-cache': 'HIT',
466 silly registry.get     'x-cache-hits': '1',
466 silly registry.get     'x-timer': 'S1415337046.991896,VS0,VE147',
466 silly registry.get     vary: 'Accept',
466 silly registry.get     'content-length': '0',
466 silly registry.get     'keep-alive': 'timeout=10, max=48',
466 silly registry.get     connection: 'Keep-Alive' } ]
467 verbose etag https://registry.npmjs.org/method-override from cache
468 silly addNameRange number 2 { name: 'method-override',
468 silly addNameRange   range: '>=1.0.0-0 <1.1.0-0',
468 silly addNameRange   hasData: true }
469 silly addNameRange versions [ 'method-override',
469 silly addNameRange   [ '1.0.0',
469 silly addNameRange     '1.0.1',
469 silly addNameRange     '1.0.2',
469 silly addNameRange     '2.0.0',
469 silly addNameRange     '2.0.1',
469 silly addNameRange     '2.0.2',
469 silly addNameRange     '2.1.0',
469 silly addNameRange     '2.1.1',
469 silly addNameRange     '2.1.2',
469 silly addNameRange     '2.1.3',
469 silly addNameRange     '2.2.0',
469 silly addNameRange     '2.3.0' ] ]
470 verbose addNamed [ 'method-override', '1.0.2' ]
471 verbose addNamed [ '1.0.2', '1.0.2' ]
472 silly lockFile 23338e91-method-override-1-0-2 method-override@1.0.2
473 verbose lock method-override@1.0.2 /Users/sam/.npm/23338e91-method-override-1-0-2.lock
474 silly lockFile 746df826-erride-method-override-1-0-2-tgz https://registry.npmjs.org/method-override/-/method-override-1.0.2.tgz
475 verbose lock https://registry.npmjs.org/method-override/-/method-override-1.0.2.tgz /Users/sam/.npm/746df826-erride-method-override-1-0-2-tgz.lock
476 verbose addRemoteTarball [ 'https://registry.npmjs.org/method-override/-/method-override-1.0.2.tgz',
476 verbose addRemoteTarball   'd6f80275db23a23380028c9215b97470be01d689' ]
477 info retry fetch attempt 1 at 23:10:47
478 verbose fetch to= /var/folders/f7/6332ds0j0jb8ljkw5rgjsk380000gn/T/npm-90654-oRBxVZpb/registry.npmjs.org/method-override/-/method-override-1.0.2.tgz
479 http GET https://registry.npmjs.org/method-override/-/method-override-1.0.2.tgz
480 http 304 https://registry.npmjs.org/express-session
481 silly registry.get cb [ 304,
481 silly registry.get   { date: 'Fri, 07 Nov 2014 05:10:47 GMT',
481 silly registry.get     server: 'Apache',
481 silly registry.get     via: '1.1 varnish',
481 silly registry.get     'last-modified': 'Fri, 07 Nov 2014 05:10:47 GMT',
481 silly registry.get     'cache-control': 'max-age=60',
481 silly registry.get     etag: '"5XY51F8JB3BYHRZ4TZCWJO11C"',
481 silly registry.get     age: '0',
481 silly registry.get     'x-served-by': 'cache-ord1724-ORD',
481 silly registry.get     'x-cache': 'HIT',
481 silly registry.get     'x-cache-hits': '1',
481 silly registry.get     'x-timer': 'S1415337047.038661,VS0,VE146',
481 silly registry.get     vary: 'Accept',
481 silly registry.get     'content-length': '0',
481 silly registry.get     'keep-alive': 'timeout=10, max=49',
481 silly registry.get     connection: 'Keep-Alive' } ]
482 verbose etag https://registry.npmjs.org/express-session from cache
483 silly addNameRange number 2 { name: 'express-session',
483 silly addNameRange   range: '>=1.0.0-0 <1.1.0-0',
483 silly addNameRange   hasData: true }
484 silly addNameRange versions [ 'express-session',
484 silly addNameRange   [ '1.0.0',
484 silly addNameRange     '1.0.1',
484 silly addNameRange     '1.0.2',
484 silly addNameRange     '1.0.3',
484 silly addNameRange     '1.0.4',
484 silly addNameRange     '1.1.0',
484 silly addNameRange     '1.2.0',
484 silly addNameRange     '1.2.1',
484 silly addNameRange     '1.3.0',
484 silly addNameRange     '1.3.1',
484 silly addNameRange     '1.4.0',
484 silly addNameRange     '1.5.0',
484 silly addNameRange     '1.5.1',
484 silly addNameRange     '1.5.2',
484 silly addNameRange     '1.6.0',
484 silly addNameRange     '1.6.1',
484 silly addNameRange     '1.6.2',
484 silly addNameRange     '1.6.3',
484 silly addNameRange     '1.6.4',
484 silly addNameRange     '1.6.5',
484 silly addNameRange     '1.7.0',
484 silly addNameRange     '1.7.1',
484 silly addNameRange     '1.7.2',
484 silly addNameRange     '1.7.3',
484 silly addNameRange     '1.7.4',
484 silly addNameRange     '1.7.5',
484 silly addNameRange     '1.7.6',
484 silly addNameRange     '1.8.0',
484 silly addNameRange     '1.8.1',
484 silly addNameRange     '1.8.2',
484 silly addNameRange     '1.9.0',
484 silly addNameRange     '1.9.1' ] ]
485 verbose addNamed [ 'express-session', '1.0.4' ]
486 verbose addNamed [ '1.0.4', '1.0.4' ]
487 silly lockFile 0c902971-express-session-1-0-4 express-session@1.0.4
488 verbose lock express-session@1.0.4 /Users/sam/.npm/0c902971-express-session-1-0-4.lock
489 http 200 https://registry.npmjs.org/method-override/-/method-override-1.0.2.tgz
490 silly lockFile 9ba4f82a-ession-express-session-1-0-4-tgz https://registry.npmjs.org/express-session/-/express-session-1.0.4.tgz
491 verbose lock https://registry.npmjs.org/express-session/-/express-session-1.0.4.tgz /Users/sam/.npm/9ba4f82a-ession-express-session-1-0-4-tgz.lock
492 verbose addRemoteTarball [ 'https://registry.npmjs.org/express-session/-/express-session-1.0.4.tgz',
492 verbose addRemoteTarball   'a10045af3f24693c9c19b1914a11d0cab8f7b29b' ]
493 silly lockFile 746df826-erride-method-override-1-0-2-tgz https://registry.npmjs.org/method-override/-/method-override-1.0.2.tgz
494 silly lockFile 746df826-erride-method-override-1-0-2-tgz https://registry.npmjs.org/method-override/-/method-override-1.0.2.tgz
495 silly lockFile 23338e91-method-override-1-0-2 method-override@1.0.2
496 silly lockFile 23338e91-method-override-1-0-2 method-override@1.0.2
497 info retry fetch attempt 1 at 23:10:47
498 verbose fetch to= /var/folders/f7/6332ds0j0jb8ljkw5rgjsk380000gn/T/npm-90654-oRBxVZpb/registry.npmjs.org/express-session/-/express-session-1.0.4.tgz
499 silly lockFile 75669156-method-override-1-0-0 method-override@~1.0.0
500 silly lockFile 75669156-method-override-1-0-0 method-override@~1.0.0
501 http GET https://registry.npmjs.org/express-session/-/express-session-1.0.4.tgz
502 http 304 https://registry.npmjs.org/morgan
503 silly registry.get cb [ 304,
503 silly registry.get   { date: 'Fri, 07 Nov 2014 05:10:46 GMT',
503 silly registry.get     server: 'Apache',
503 silly registry.get     via: '1.1 varnish',
503 silly registry.get     'last-modified': 'Fri, 07 Nov 2014 05:10:47 GMT',
503 silly registry.get     'cache-control': 'max-age=60',
503 silly registry.get     etag: '"708ZQTN8ZP2GVR4WWCO6UK2FY"',
503 silly registry.get     age: '0',
503 silly registry.get     'x-served-by': 'cache-ord1735-ORD',
503 silly registry.get     'x-cache': 'HIT',
503 silly registry.get     'x-cache-hits': '1',
503 silly registry.get     'x-timer': 'S1415337046.987152,VS0,VE271',
503 silly registry.get     vary: 'Accept',
503 silly registry.get     'content-length': '0',
503 silly registry.get     'keep-alive': 'timeout=10, max=48',
503 silly registry.get     connection: 'Keep-Alive' } ]
504 verbose etag https://registry.npmjs.org/morgan from cache
505 silly addNameRange number 2 { name: 'morgan', range: '>=1.0.0-0 <1.1.0-0', hasData: true }
506 silly addNameRange versions [ 'morgan',
506 silly addNameRange   [ '1.0.0',
506 silly addNameRange     '1.0.1',
506 silly addNameRange     '1.1.0',
506 silly addNameRange     '1.1.1',
506 silly addNameRange     '1.2.0',
506 silly addNameRange     '1.2.1',
506 silly addNameRange     '1.2.2',
506 silly addNameRange     '1.2.3',
506 silly addNameRange     '1.3.0',
506 silly addNameRange     '1.3.1',
506 silly addNameRange     '1.3.2',
506 silly addNameRange     '1.4.0',
506 silly addNameRange     '1.4.1' ] ]
507 verbose addNamed [ 'morgan', '1.0.1' ]
508 verbose addNamed [ '1.0.1', '1.0.1' ]
509 silly lockFile 31a6829c-morgan-1-0-1 morgan@1.0.1
510 verbose lock morgan@1.0.1 /Users/sam/.npm/31a6829c-morgan-1-0-1.lock
511 silly lockFile 31a6829c-morgan-1-0-1 morgan@1.0.1
512 silly lockFile 31a6829c-morgan-1-0-1 morgan@1.0.1
513 silly lockFile 58998603-morgan-1-0-0 morgan@~1.0.0
514 silly lockFile 58998603-morgan-1-0-0 morgan@~1.0.0
515 http 200 https://registry.npmjs.org/express-session/-/express-session-1.0.4.tgz
516 silly lockFile 9ba4f82a-ession-express-session-1-0-4-tgz https://registry.npmjs.org/express-session/-/express-session-1.0.4.tgz
517 silly lockFile 9ba4f82a-ession-express-session-1-0-4-tgz https://registry.npmjs.org/express-session/-/express-session-1.0.4.tgz
518 silly lockFile 0c902971-express-session-1-0-4 express-session@1.0.4
519 silly lockFile 0c902971-express-session-1-0-4 express-session@1.0.4
520 silly lockFile f4147bc7-express-session-1-0-0 express-session@~1.0.0
521 silly lockFile f4147bc7-express-session-1-0-0 express-session@~1.0.0
522 error Error: EACCES, mkdir '/Users/sam/.npm/method-override/1.0.2'
522 error  { [Error: EACCES, mkdir '/Users/sam/.npm/method-override/1.0.2']
522 error   errno: 3,
522 error   code: 'EACCES',
522 error   path: '/Users/sam/.npm/method-override/1.0.2',
522 error   parent: 'node-authentication' }
523 error Please try running this command again as root/Administrator.
524 error System Darwin 14.0.0
525 error command "/Users/sam/.nvm/v0.10.32/bin/node" "/Users/sam/.nvm/v0.10.32/bin/npm" "install"
526 error cwd /Users/sam/easy-node-authentication
527 error node -v v0.10.32
528 error npm -v 1.4.28
529 error path /Users/sam/.npm/method-override/1.0.2
530 error code EACCES
531 error errno 3
532 error stack Error: EACCES, mkdir '/Users/sam/.npm/method-override/1.0.2'
533 verbose exit [ 3, true ]
